\BOOKMARK [1][-]{section.1}{Introduction}{}% 1
\BOOKMARK [1][-]{section.2}{Wages: Aggregates}{}% 2
\BOOKMARK [2][-]{subsection.2.1}{Wages}{section.2}% 3
\BOOKMARK [3][-]{subsubsection.2.1.1}{Lifetime wages}{subsection.2.1}% 4
\BOOKMARK [3][-]{subsubsection.2.1.2}{By gender}{subsection.2.1}% 5
\BOOKMARK [3][-]{subsubsection.2.1.3}{By race}{subsection.2.1}% 6
\BOOKMARK [1][-]{section.3}{Wages: Microdata}{}% 7
\BOOKMARK [1][-]{section.4}{Labour Share}{}% 8
\BOOKMARK [2][-]{subsection.4.1}{Calculating the labour share}{section.4}% 9
\BOOKMARK [1][-]{section.5}{Labour Share: Aggregates}{}% 10
\BOOKMARK [1][-]{section.6}{Labour Share: Microdata}{}% 11
\BOOKMARK [1][-]{section.7}{Explanations}{}% 12
\BOOKMARK [1][-]{section.8}{Conclusion}{}% 13
\BOOKMARK [1][-]{appendix.A}{Data appendix}{}% 14
\BOOKMARK [2][-]{subsection.A.1}{Current Population Survey \(CPS\)}{appendix.A}% 15
\BOOKMARK [2][-]{subsection.A.2}{Summary of the data}{appendix.A}% 16
\BOOKMARK [2][-]{subsection.A.3}{Economic Census}{appendix.A}% 17
\BOOKMARK [3][-]{subsubsection.A.3.1}{Creating consistent industry codes}{subsection.A.3}% 18
\BOOKMARK [2][-]{subsection.A.4}{Merging the data}{appendix.A}% 19
\BOOKMARK [2][-]{subsection.A.5}{The National Income and Product Accounts \(NIPA\)}{appendix.A}% 20
\BOOKMARK [1][-]{appendix.B}{Additional results}{}% 21
\BOOKMARK [2][-]{subsection.B.1}{Age of Peak Earnings}{appendix.B}% 22
\BOOKMARK [2][-]{subsection.B.2}{By Year}{appendix.B}% 23
\BOOKMARK [2][-]{subsection.B.3}{Hours worked }{appendix.B}% 24
\BOOKMARK [1][-]{appendix.C}{Robustness Checks}{}% 25
\BOOKMARK [1][-]{appendix.D}{Tables}{}% 26
\BOOKMARK [2][-]{subsection.D.1}{Full regression tables}{appendix.D}% 27
